ble_lib/build/outputs/mapping/release/mapping.txt
# compiler: R8
# compiler_version: 3.3.83
# common_typos_disable
# {"id":"com.android.tools.r8.mapping","version":"2.0"}
# pg_map_id: 7597127
# pg_map_hash: SHA-256 7597127942fc19edbd4d22d115f7a42142b7dfa7dd95a525ace4b12925028c11
com.newbee.ble_lib.NewBeeBleManager -> com.newbee.ble_lib.NewBeeBleManager:
    com.newbee.ble_lib.NewBeeBleManager bleManager -> b
    com.newbee.ble_lib.service.BluetoothGattServiceDao bluetoothGattServiceDao -> a
com.newbee.ble_lib.base.BaseService -> com.newbee.ble_lib.base.BaseService:
    android.os.IBinder baseBinder -> b
    java.lang.String tag -> a
    boolean isStart -> c
    com.newbee.ble_lib.base.BaseService$StatuListen statuListen -> d
    com.newbee.ble_lib.base.BaseService$StatuListen access$000(com.newbee.ble_lib.base.BaseService) -> a
    com.newbee.ble_lib.base.BaseService$StatuListen access$002(com.newbee.ble_lib.base.BaseService,com.newbee.ble_lib.base.BaseService$StatuListen) -> a
    void close() -> a
    void start(android.content.Intent,int,int) -> a
    boolean access$100(com.newbee.ble_lib.base.BaseService) -> b
    void init() -> b
com.newbee.ble_lib.base.BaseService$BaseServiceBinder -> com.newbee.ble_lib.base.BaseService$a:
    com.newbee.ble_lib.base.BaseService this$0 -> a
    com.newbee.ble_lib.base.BaseService getService() -> a
    void setStatuListen(com.newbee.ble_lib.base.BaseService$StatuListen) -> a
com.newbee.ble_lib.base.BaseService$StatuListen -> com.newbee.ble_lib.base.BaseService$b:
    void isStart() -> a
com.newbee.ble_lib.base.BaseServiceDao -> com.newbee.ble_lib.base.a:
    android.content.Context context -> b
    com.newbee.ble_lib.base.BaseService ss -> d
    java.lang.String tag -> a
    android.content.ServiceConnection sc -> c
    java.lang.String actionStr -> e
    com.newbee.ble_lib.base.BaseService access$002(com.newbee.ble_lib.base.BaseServiceDao,com.newbee.ble_lib.base.BaseService) -> a
    com.newbee.ble_lib.base.BaseService getService() -> a
    java.lang.Class getSsCls() -> b
    com.newbee.ble_lib.base.BaseService$StatuListen getStatuListen() -> c
    void startServiceIsBind() -> d
    void stopServiceIsBind() -> e
com.newbee.ble_lib.base.BaseServiceDao$1 -> com.newbee.ble_lib.base.a$a:
    com.newbee.ble_lib.base.BaseServiceDao this$0 -> a
com.newbee.ble_lib.manager.child.BleConnectManager -> com.newbee.ble_lib.a.a:
    com.newbee.ble_lib.manager.child.BleConnectManager bleManager -> d
    android.bluetooth.BluetoothAdapter bluetoothAdapter -> b
    android.bluetooth.BluetoothManager bluetoothManager -> a
    java.lang.String mBluetoothDeviceAddress -> c
    boolean bleIsOpen() -> a
    void close(android.content.Context) -> a
    boolean connect(android.content.Context,java.lang.String) -> a
    void havePermissionInitBle(android.content.Context,android.content.pm.PackageManager) -> a
    void disconnect() -> b
    com.newbee.ble_lib.manager.child.BleConnectManager getInstance() -> c
    void openBluetooth() -> d
    void startSearchBLE() -> e