ble_lib/build/outputs/mapping/release/usage.txt
com.newbee.ble_lib.BuildConfig
com.newbee.ble_lib.base.BaseServiceDao:
    public void setActionStr(java.lang.String)
    public void startService()
    public void stopService()
com.newbee.ble_lib.manager.child.BleConnectManager:
    private void closeBluetooth()
com.newbee.ble_lib.manager.image.BlueToothGattSendImageManager:
    public void close()
com.newbee.ble_lib.manager.msg.BlueToothGattMsgManager:
    public void close()
com.newbee.ble_lib.util.AbImageUtil$OnImageUtilsListener
com.newbee.ble_lib.util.AbImageUtil:
    private static com.newbee.ble_lib.util.AbImageUtil$OnImageUtilsListener onImageUtilsListener
    public void <init>()
    public static android.graphics.Bitmap base64ToBitmap(java.lang.String)
    public static byte[] bitmap2Bytes(android.graphics.Bitmap,android.graphics.Bitmap$CompressFormat,boolean)
    public static java.lang.String bitmapToBase64(android.graphics.Bitmap)
    public static android.graphics.drawable.Drawable bitmapToDrawable(android.graphics.Bitmap)
    public static java.lang.String bitmapToString(android.graphics.Bitmap)
    public static android.graphics.Bitmap bytes2Bimap(byte[])
    public static android.graphics.Bitmap centerSquareScaleBitmap(android.graphics.Bitmap,int)
    public static android.graphics.Bitmap cutImg(android.graphics.Bitmap,int,int)
    public static android.graphics.Bitmap cutImg(java.io.File,int,int)
    public static android.graphics.Bitmap drawableToBitmap(android.graphics.drawable.Drawable)
    public static byte[] imagePathToByte(java.lang.String)
    public static android.graphics.Bitmap imageView2Bitmap(android.widget.ImageView)
    public static android.graphics.Bitmap rotateBitmap(android.graphics.Bitmap,float)
    public static android.graphics.Bitmap rotateBitmapTranslate(android.graphics.Bitmap,float)
    public static android.graphics.Bitmap scaleImg(android.graphics.Bitmap,int,int)
    public static android.graphics.Bitmap scaleImg(java.io.File,int,int)
com.newbee.ble_lib.util.BleCheckUtil:
    public void <init>()
com.newbee.ble_lib.util.BleSendImageUtil:
    public void <init>()
com.newbee.ble_lib.util.AbImageUtil:
    private static java.lang.String TAG